2024-09-23 17:42:36,819 - INFO - loading assignment_1a/model_weights/decision_tree_model.joblib
2024-09-23 17:42:36,827 - ERROR - Traceback (most recent call last):
2024-09-23 17:42:36,827 - ERROR - File "/home/dorus/Documenten/UU/Blok 1 24-25/Methods in AI research/project/main.py", line 41, in <module>
2024-09-23 17:42:36,827 - ERROR - tm = TransitionManager([ask_area, ask_price_range, ask_food_type, give_area, give_address,
2024-09-23 17:42:36,827 - ERROR - ^
2024-09-23 17:42:36,827 - ERROR - ^
2024-09-23 17:42:36,827 - ERROR - ^
2024-09-23 17:42:36,827 - ERROR - ^
2024-09-23 17:42:36,827 - ERROR - ^
2024-09-23 17:42:36,827 - ERROR - ^
2024-09-23 17:42:36,827 - ERROR - ^
2024-09-23 17:42:36,827 - ERROR - ^
2024-09-23 17:42:36,827 - ERROR - NameError
2024-09-23 17:42:36,828 - ERROR - :
2024-09-23 17:42:36,828 - ERROR - name 'ask_area' is not defined
2024-09-23 17:43:00,784 - INFO - loading assignment_1a/model_weights/decision_tree_model.joblib
2024-09-23 17:43:00,787 - ERROR - Traceback (most recent call last):
2024-09-23 17:43:00,788 - ERROR - File "/home/dorus/Documenten/UU/Blok 1 24-25/Methods in AI research/project/main.py", line 41, in <module>
2024-09-23 17:43:00,788 - ERROR - tm = TransitionManager([ask_area, ask_price_range, ask_food_type, give_area, give_address,
2024-09-23 17:43:00,788 - ERROR - ^
2024-09-23 17:43:00,788 - ERROR - ^
2024-09-23 17:43:00,788 - ERROR - ^
2024-09-23 17:43:00,788 - ERROR - ^
2024-09-23 17:43:00,788 - ERROR - ^
2024-09-23 17:43:00,788 - ERROR - ^
2024-09-23 17:43:00,788 - ERROR - ^
2024-09-23 17:43:00,788 - ERROR - ^
2024-09-23 17:43:00,788 - ERROR - NameError
2024-09-23 17:43:00,788 - ERROR - :
2024-09-23 17:43:00,788 - ERROR - name 'ask_area' is not defined
2024-09-23 17:49:41,859 - INFO - Agent: 1. Welcome, please tell me where you'd like to eat
2024-09-23 17:49:46,243 - INFO - User: greek restaurant
2024-09-23 17:50:01,374 - INFO - Agent: 1. Welcome, please tell me where you'd like to eat
2024-09-23 17:51:50,460 - INFO - User: greek food
2024-09-23 17:51:50,519 - INFO - Preferences: {'food_type': 'greek', 'price_range': None, 'location': None}
2024-09-23 17:51:50,544 - INFO - Predicted dialogue act: inform
2024-09-23 17:51:50,544 - INFO - Transition success: True
2024-09-23 17:51:50,544 - INFO - Agent: 2. Ask Area
2024-09-23 17:54:24,709 - INFO - User: west
2024-09-23 17:54:24,716 - INFO - Preferences: {'food_type': None, 'price_range': None, 'location': 'west'}
2024-09-23 17:54:24,739 - INFO - Predicted dialogue act: inform
2024-09-23 17:54:24,739 - INFO - Transition success: True
2024-09-23 17:54:24,739 - INFO - Agent: 3. Ask price range
2024-09-23 17:54:31,534 - INFO - User: EXPENSIVE
2024-09-23 17:54:31,539 - INFO - Preferences: {'food_type': None, 'price_range': 'expensive', 'location': None}
2024-09-23 17:54:31,539 - INFO - Predicted dialogue act: inform
2024-09-23 17:54:31,539 - INFO - Transition success: True
2024-09-23 17:54:31,539 - INFO - Agent: 5. Suggest restaurant
2024-09-23 17:54:37,336 - INFO - User: wow cool, thanks
2024-09-23 17:54:37,337 - INFO - Preferences: {'food_type': None, 'price_range': None, 'location': None}
2024-09-23 17:54:37,338 - INFO - Predicted dialogue act: thankyou
2024-09-23 17:54:37,338 - INFO - Transition success: True
2024-09-23 17:54:37,338 - INFO - Agent: 11. Goodbye
2024-09-23 17:55:28,048 - INFO - Agent: 1. Welcome, please tell me where you'd like to eat
2024-09-23 17:55:31,471 - INFO - User: greek food
2024-09-23 17:55:31,487 - INFO - Preferences: {'food_type': 'greek', 'price_range': None, 'location': None}
2024-09-23 17:55:31,493 - INFO - Predicted dialogue act: inform
2024-09-23 17:55:31,493 - INFO - Transition success: True
2024-09-23 17:55:31,493 - INFO - Agent: 2. Ask Area
